Inserted: {"sport":"Football","base":"Austria Vienna","bet365":"FK Austria Vienna","unibet":"Austria Wien","partypoker":"FK Austria Vienna"}
Inserted: {"sport":"Football","base":"FC Admira Wacker Modling","bet365":"FC Flyeralarm Admira","unibet":"Admira","partypoker":"FC Admira Wacker Modling"}
Inserted: {"sport":"Football","base":"Hartberg","bet365":"Hartberg","unibet":"Hartberg","partypoker":"TSV Hartberg"}
Inserted: {"sport":"Football","base":"Lask Linz","bet365":"LASK Linz","unibet":"LASK Linz","partypoker":"LASK Linz"}
Inserted: {"sport":"Football","base":"Rapid Vienna","bet365":"Rapid Vienna","unibet":"Rapid Wien","partypoker":"SK Rapid Vienna"}
Inserted: {"sport":"Football","base":"Red Bull Salzburg","bet365":"FC Salzburg","unibet":"Red Bull Salzburg","partypoker":"Red Bull Salzburg"}
Inserted: {"sport":"Football","base":"SCR Altach","bet365":"SCR Altach","unibet":"Rheindorf Altach","partypoker":"SCR Altach"}
Inserted: {"sport":"Football","base":"St Polten","bet365":"St Polten","unibet":"St. Pölten","partypoker":"SKN St. Poelten"}
Inserted: {"sport":"Football","base":"Sturm Graz","bet365":"SK Sturm Graz","unibet":"Sturm Graz","partypoker":"SK Sturm Graz"}
Inserted: {"sport":"Football","base":"Sv Mattersburg","bet365":"SV Mattersburg","unibet":"Mattersburg","partypoker":"SV Mattersburg"}
Inserted: {"sport":"Football","base":"Wolfsberger AC","bet365":"Wolfsberger AC","unibet":"Wolfsberger AC","partypoker":"RZ Pellets WAC"}
Inserted: {"sport":"Football","base":"WSG Wattens","bet365":"WSG Swarovski Tirol","unibet":"WSG Swarovski Tirol","partypoker":"WSG Swarovski Tirol"}
Inserted: {"sport":"Football","base":"Brighton and Hove Albion","bet365":"Brighton","unibet":"Brighton & Hove Albion","partypoker":"Brighton and Hove Albion"}
Inserted: {"sport":"Football","base":"Leicester City","bet365":"Leicester ","unibet":"Leicester City","partypoker":"Leicester City"}
Inserted: {"sport":"Football","base":"Manchester City","bet365":"Man City","unibet":"Manchester City","partypoker":"Manchester City"}
Inserted: {"sport":"Football","base":"Manchester United","bet365":"Man Utd","unibet":"Manchester United","partypoker":"Manchester Utd"}
Inserted: {"sport":"Football","base":"Newcastle United","bet365":"Newcastle ","unibet":"Newcastle United","partypoker":"Newcastle United"}
Inserted: {"sport":"Football","base":"Norwich City","bet365":"Norwich ","unibet":"Norwich City","partypoker":"Norwich City"}
Inserted: {"sport":"Football","base":"Sheffield United","bet365":"Sheff Utd","unibet":"Sheffield United","partypoker":"Sheffield United"}
Inserted: {"sport":"Football","base":"Tottenham Hotspur","bet365":"Tottenham","unibet":"Tottenham ","partypoker":"Tottenham Hotspur"}
Inserted: {"sport":"Football","base":"West Ham United","bet365":"West Ham ","unibet":"West Ham","partypoker":"West Ham United"}
Inserted: {"sport":"Football","base":"Wolverhampton Wanderers","bet365":"Wolverhampton ","unibet":"Wolverhampton Wanderers","partypoker":"Wolverhampton Wanderers"}
Inserted: {"sport":"Football","base":"Ankaragucu","bet365":"Ankaragucu","unibet":"Ankaragücü","partypoker":"Ankaragücü"}
Inserted: {"sport":"Football","base":"Antalyaspor","bet365":"Antalyaspor","unibet":"Antalyaspor A.Ş.","partypoker":"Antalyaspor"}
Inserted: {"sport":"Football","base":"Basaksehir","bet365":"Istanbul Basaksehir","unibet":"İstanbul Başakşehir","partypoker":"Istanbul Basaksehir FK"}
Inserted: {"sport":"Football","base":"Besiktas JK","bet365":"Besiktas","unibet":"Beşiktaş A.Ş.","partypoker":"Besiktas"}
Inserted: {"sport":"Football","base":"Denizlispor","bet365":"Denizlispor","unibet":"Denizlispor","partypoker":"Denizlispor"}
Inserted: {"sport":"Football","base":"Fenerbahce","bet365":"Fenerbahce","unibet":"Fenerbahçe","partypoker":"Fenerbahce"}
Inserted: {"sport":"Football","base":"Galatasaray","bet365":"Galatasaray","unibet":"Galatasaray A.Ş.","partypoker":"Galatasaray"}
Inserted: {"sport":"Football","base":"Gaziantep BB SK","bet365":"Gazisehir Gaziantep FK","unibet":"Gaziantep B.B.","partypoker":"Gazisehir Gaziantep FK"}
Inserted: {"sport":"Football","base":"Genclerbirligi SK","bet365":"Genclerbirligi","unibet":"Gençlerbirliği SK","partypoker":"Genclerbirligi"}
Inserted: {"sport":"Football","base":"Goztepe","bet365":"Goztepe","unibet":"Göztepe A.Ş.","partypoker":"Goztepe"}
Inserted: {"sport":"Football","base":"Kasimpasa SK","bet365":"Kasimpasa","unibet":"Kasımpaşa","partypoker":"Kasimpasa"}
Inserted: {"sport":"Football","base":"Kayserispor","bet365":"Kayserispor","unibet":"Kayserispor","partypoker":"Kayserispor"}
Inserted: {"sport":"Football","base":"Rizespor","bet365":"Caykur Rizespor","unibet":"Çaykur Rizespor","partypoker":"Caykur Rizespor"}
Inserted: {"sport":"Football","base":"Sivasspor","bet365":"Sivasspor","unibet":"Sivasspor","partypoker":"Sivasspor"}
Inserted: {"sport":"Football","base":"Torku Konyaspor","bet365":"Konyaspor","unibet":"Konyaspor","partypoker":"Konyaspor"}
Inserted: {"sport":"Football","base":"Trabzonspor","bet365":"Trabzonspor","unibet":"Trabzonspor A.Ş.","partypoker":"Trabzonspor"}
Inserted: {"sport":"Football","base":"Alaves","bet365":"CD Alaves","unibet":"Alavés","partypoker":"Deportivo Alaves"}
Inserted: {"sport":"Football","base":"Athletic Club Bilbao","bet365":"Athletic Bilbao","unibet":"Athletic Club Bilbao","partypoker":"Athletic Club"}
Inserted: {"sport":"Football","base":"Atletico Madrid","bet365":"Atletico Madrid","unibet":"Atlético Madrid","partypoker":"Atletico Madrid"}
Inserted: {"sport":"Football","base":"Celta Vigo","bet365":"Celta Vigo","unibet":"Celta Vigo","partypoker":"Celta de Vigo"}
Inserted: {"sport":"Football","base":"Eibar","bet365":"Eibar","unibet":"Eibar","partypoker":"SD Eibar"}
Inserted: {"sport":"Football","base":"Granada CF","bet365":"Granada","unibet":"Granada CF","partypoker":"Granada CF"}
Inserted: {"sport":"Football","base":"Leganes","bet365":"Leganes","unibet":"Leganés","partypoker":"Leganes"}
Inserted: {"sport":"Football","base":"Levante UD","bet365":"Levante","unibet":"Levante","partypoker":"Levante"}
Inserted: {"sport":"Football","base":"Mallorca","bet365":"Mallorca","unibet":"Mallorca","partypoker":"RCD Mallorca"}
Inserted: {"sport":"Football","base":"Real Valladolid CF","bet365":"Valladolid","unibet":"Valladolid","partypoker":"Real Valladolid"}
Inserted: {"sport":"Football","base":"Sevilla","bet365":"Sevilla","unibet":"Sevilla","partypoker":"FC Sevilla"}
Inserted: {"sport":"Football","base":"Valencia","bet365":"Valencia","unibet":"Valencia","partypoker":"CF Valencia"}
Inserted: {"sport":"Football","base":"Villarreal CF","bet365":"Villarreal","unibet":"Villarreal","partypoker":"Villarreal"}
Inserted: {"sport":"Football","base":"Albacete","bet365":"Albacete","unibet":"Albacete Balompié","partypoker":"Albacete Balompie"}
Inserted: {"sport":"Football","base":"Alcorcon","bet365":"Alcorcon","unibet":"Alcorcón","partypoker":"Alcorcon"}
Inserted: {"sport":"Football","base":"Almeria","bet365":"Almeria","unibet":"UD Almeria","partypoker":"UD Almeria"}
Inserted: {"sport":"Football","base":"Cadiz","bet365":"Cadiz","unibet":"Cadiz","partypoker":"Cadiz CF"}
Inserted: {"sport":"Football","base":"CD Lugo","bet365":"Lugo","unibet":"Lugo","partypoker":"Lugo"}
Inserted: {"sport":"Football","base":"Deportivo La Coruna","bet365":"Deportivo La Coruna","unibet":"Deportivo La Coruña","partypoker":"Deportivo La Coruna"}
Inserted: {"sport":"Football","base":"Elche CF","bet365":"Elche","unibet":"Elche","partypoker":"Elche"}
Inserted: {"sport":"Football","base":"Extremadura","bet365":"Extremadura","unibet":"Extremadura UD","partypoker":"Extremadura"}
Inserted: {"sport":"Football","base":"Gijon","bet365":"Sporting Gijon","unibet":"Sporting de Gijón","partypoker":"Sporting Gijon"}
Inserted: {"sport":"Football","base":"Girona","bet365":"Girona","unibet":"Girona FC","partypoker":"Girona"}
Inserted: {"sport":"Football","base":"Las Palmas","bet365":"Las Palmas","unibet":"UD Las Palmas","partypoker":"UD Las Palmas"}
Inserted: {"sport":"Football","base":"Mirandes","bet365":"Mirandes","unibet":"Mirandés","partypoker":"Mirandes"}
Inserted: {"sport":"Football","base":"Real Oviedo CF","bet365":"Oviedo","unibet":"Real Oviedo","partypoker":"Real Oviedo"}
Inserted: {"sport":"Football","base":"Real Racing Club Santander","bet365":"Racing Santander","unibet":"Racing Santander","partypoker":"Racing Santander"}
Inserted: {"sport":"Football","base":"AS Roma","bet365":"Roma","unibet":"Roma","partypoker":"AS Roma"}
Inserted: {"sport":"Football","base":"Atalanta BC","bet365":"Atalanta","unibet":"Atalanta","partypoker":"Atalanta"}
Inserted: {"sport":"Football","base":"FC Internazionale","bet365":"Inter Milan","unibet":"Inter","partypoker":"Inter Milan"}
Inserted: {"sport":"Football","base":"Genoa","bet365":"Genoa","unibet":"Genoa","partypoker":"Genoa CFC"}
Inserted: {"sport":"Football","base":"Hellas Verona FC","bet365":"Verona","unibet":"Hellas Verona","partypoker":"Hellas Verona"}
Inserted: {"sport":"Football","base":"Lazio","bet365":"Lazio","unibet":"Lazio","partypoker":"Lazio Rome"}
Inserted: {"sport":"Football","base":"Napoli","bet365":"Napoli","unibet":"Napoli","partypoker":"SSC Napoli"}
Inserted: {"sport":"Football","base":"Parma FC","bet365":"Parma","unibet":"Parma","partypoker":"FC Parma"}
Inserted: {"sport":"Football","base":"SPAL","bet365":"Spal","unibet":"Spal","partypoker":"Spal"}
Inserted: {"sport":"Football","base":"Chievo","bet365":"Chievo","unibet":"Chievo Verona","partypoker":"Chievo"}
Inserted: {"sport":"Football","base":"Cremonese","bet365":"Cremonese","unibet":"Cremonese","partypoker":"US Cremonese"}
Inserted: {"sport":"Football","base":"Empoli","bet365":"Empoli","unibet":"Empoli","partypoker":"FC Empoli"}
Inserted: {"sport":"Football","base":"Entella","bet365":"Virtus Entella","unibet":"Virtus Entella","partypoker":"Virtus Entella"}
Inserted: {"sport":"Football","base":"Livorno","bet365":"Livorno","unibet":"Livorno","partypoker":"AS Livorno"}
Inserted: {"sport":"Football","base":"Nuova Cosenza Calcio","bet365":"Cosenza","unibet":"Cosenza","partypoker":"Cosenza Calcio"}
Inserted: {"sport":"Football","base":"Pisa Sporting Club","bet365":"Pisa","unibet":"Pisa","partypoker":"Pisa"}
Inserted: {"sport":"Football","base":"Pordenone Calcio","bet365":"Pordenone","unibet":"Pordenone","partypoker":"Pordenone"}
Inserted: {"sport":"Football","base":"Birmingham City","bet365":"Birmingham","unibet":"Birmingham ","partypoker":"Birmingham City"}
Inserted: {"sport":"Football","base":"Blackburn Rovers","bet365":"Blackburn","unibet":"Blackburn Rovers","partypoker":"Blackburn Rovers"}
Inserted: {"sport":"Football","base":"Cardiff City","bet365":"Cardiff","unibet":"Cardiff City","partypoker":"Cardiff City"}
Inserted: {"sport":"Football","base":"Charlton Athletic","bet365":"Charlton","unibet":"Charlton Athletic","partypoker":"Charlton Athletic"}
Inserted: {"sport":"Football","base":"Derby County","bet365":"Derby ","unibet":"Derby County","partypoker":"Derby County"}
Inserted: {"sport":"Football","base":"Leeds United","bet365":"Leeds","unibet":"Leeds United","partypoker":"Leeds United"}
Inserted: {"sport":"Football","base":"Luton Town","bet365":"Luton","unibet":"Luton Town","partypoker":"Luton Town"}
Inserted: {"sport":"Football","base":"Nottingham Forest","bet365":"Nottm Forest","unibet":"Nottingham Forest","partypoker":"Nottingham Forest"}
Inserted: {"sport":"Football","base":"Preston","bet365":"Preston","unibet":"Preston North End","partypoker":"Preston North End"}
Inserted: {"sport":"Football","base":"Queens Park Rangers","bet365":"QPR","unibet":"Queens Park Rangers","partypoker":"Queens Park Rangers"}
Inserted: {"sport":"Football","base":"Sheffield Wednesday","bet365":"Sheff Wed","unibet":"Sheffield Wednesday","partypoker":"Sheffield Wednesday"}
Inserted: {"sport":"Football","base":"Stoke City","bet365":"Stoke","unibet":"Stoke City","partypoker":"Stoke City"}
Inserted: {"sport":"Football","base":"Swansea City","bet365":"Swansea","unibet":"Swansea City","partypoker":"Swansea City"}
Inserted: {"sport":"Football","base":"West Brom","bet365":"West Brom","unibet":"West Bromwich","partypoker":"West Bromwich"}
Inserted: {"sport":"Football","base":"Blackpool FC","bet365":"Blackpool","unibet":"Blackpool","partypoker":"Blackpool"}
Inserted: {"sport":"Football","base":"Coventry","bet365":"Coventry","unibet":"Coventry City","partypoker":"Coventry City"}
Inserted: {"sport":"Football","base":"Doncaster","bet365":"Doncaster","unibet":"Doncaster Rovers","partypoker":"Doncaster Rovers"}
Inserted: {"sport":"Football","base":"MK Dons","bet365":"Milton Keynes Dons","unibet":"Milton Keynes Dons","partypoker":"Milton Keynes Dons"}
Inserted: {"sport":"Football","base":"Oxford United","bet365":"Oxford Utd","unibet":"Oxford United","partypoker":"Oxford United"}
Inserted: {"sport":"Football","base":"Peterborough United","bet365":"Peterborough","unibet":"Peterborough United","partypoker":"Peterborough United"}
Inserted: {"sport":"Football","base":"Rotherham","bet365":"Rotherham","unibet":"Rotherham United","partypoker":"Rotherham United"}
Inserted: {"sport":"Football","base":"Southend","bet365":"Southend","unibet":"Southend","partypoker":"Southend United"}
Inserted: {"sport":"Football","base":"Tranmere","bet365":"Tranmere","unibet":"Tranmere Rovers","partypoker":"Tranmere Rovers"}
Inserted: {"sport":"Football","base":"Bradford City","bet365":"Bradford","unibet":"Bradford City","partypoker":"Bradford City"}
Inserted: {"sport":"Football","base":"Cambridge United","bet365":"Cambridge Utd","unibet":"Cambridge United","partypoker":"Cambridge United"}
Inserted: {"sport":"Football","base":"Cheltenham Town","bet365":"Cheltenham","unibet":"Cheltenham Town","partypoker":"Cheltenham Town"}
Inserted: {"sport":"Football","base":"Colchester United","bet365":"Colchester","unibet":"Colchester United","partypoker":"Colchester United"}
Inserted: {"sport":"Football","base":"Crewe","bet365":"Crewe","unibet":"Crewe Alexandra","partypoker":"Crewe Alexandra"}
Inserted: {"sport":"Football","base":"Exeter City","bet365":"Exeter","unibet":"Exeter","partypoker":"Exeter City"}
Inserted: {"sport":"Football","base":"Forest Green Rovers","bet365":"Forest Green","unibet":"Forest Green Rovers","partypoker":"Forest Green Rovers"}
Inserted: {"sport":"Football","base":"Grimsby Town","bet365":"Grimsby","unibet":"Grimsby Town","partypoker":"Grimsby Town"}
Inserted: {"sport":"Football","base":"Macclesfield Town","bet365":"Macclesfield","unibet":"Macclesfield Town","partypoker":"Macclesfield Town"}
Inserted: {"sport":"Football","base":"Mansfield","bet365":"Mansfield","unibet":"Mansfield Town","partypoker":"Mansfield Town"}
Inserted: {"sport":"Football","base":"Newport County","bet365":"Newport County","unibet":"Newport County","partypoker":"Newport County"}
Inserted: {"sport":"Football","base":"Northampton Town","bet365":"Northampton","unibet":"Northampton Town","partypoker":"Northampton Town"}
Inserted: {"sport":"Football","base":"Oldham Athletic","bet365":"Oldham","unibet":"Oldham Athletic","partypoker":"Oldham Athletic"}
Inserted: {"sport":"Football","base":"Plymouth","bet365":"Plymouth","unibet":"Plymouth Argyle","partypoker":"Plymouth Argyle"}
Inserted: {"sport":"Football","base":"Stevenage","bet365":"Stevenage","unibet":"Stevenage FC","partypoker":"Stevenage"}
Inserted: {"sport":"Football","base":"Swindon Town","bet365":"Swindon","unibet":"Swindon Town","partypoker":"Swindon Town"}
Inserted: {"sport":"Football","base":"Aldershot Town","bet365":"Aldershot ","unibet":"Aldershot ","partypoker":"Aldershot Town"}
Inserted: {"sport":"Football","base":"Bromley","bet365":"Bromley","unibet":"Bromley FC","partypoker":"Bromley"}
Inserted: {"sport":"Football","base":"Dagenham & Redbridge","bet365":"Dag & Red","unibet":"Dag & Red","partypoker":"Dagenham and Redbridge"}
Inserted: {"sport":"Football","base":"Dover","bet365":"Dover","unibet":"Dover Athletic","partypoker":"Dover Athletic"}
Inserted: {"sport":"Football","base":"Eastleigh","bet365":"Eastleigh","unibet":"Eastleigh FC","partypoker":"Eastleigh"}
Inserted: {"sport":"Football","base":"Halifax Town","bet365":"Halifax","unibet":"Halifax Town","partypoker":"FC Halifax Town"}
Inserted: {"sport":"Football","base":"Hartlepool","bet365":"Hartlepool","unibet":"Hartlepool United","partypoker":"Hartlepool United"}
Inserted: {"sport":"Football","base":"Notts County","bet365":"Notts County","unibet":"Notts County","partypoker":"Notts County"}
Inserted: {"sport":"Football","base":"Solihull","bet365":"Solihull Moors","unibet":"Solihull Moors","partypoker":"Solihull Moors"}
Inserted: {"sport":"Football","base":"Stockport","bet365":"Stockport","unibet":"Stockport County","partypoker":"Stockport County"}
Inserted: {"sport":"Football","base":"Sutton United","bet365":"Sutton Utd","unibet":"Sutton United","partypoker":"Sutton United"}
Inserted: {"sport":"Football","base":"Torquay United","bet365":"Torquay","unibet":"Torquay United","partypoker":"Torquay United"}
Inserted: {"sport":"Football","base":"Yeovil Town","bet365":"Yeovil","unibet":"Yeovil Town","partypoker":"Yeovil Town"}
Inserted: {"sport":"Football","base":"Augsburg","bet365":"Augsburg","unibet":"FC Augsburg","partypoker":"FC Augsburg"}
Inserted: {"sport":"Football","base":"Bayern Munich","bet365":"Bayern Munich","unibet":"Bayern München","partypoker":"FC Bayern Munich"}
Inserted: {"sport":"Football","base":"Borussia Monchengladbach","bet365":"Borussia M'gladbach","unibet":"Borussia Mönchengladbach","partypoker":"Borussia Mönchengladbach"}
Inserted: {"sport":"Football","base":"FC Koln","bet365":"Cologne","unibet":"1. FC Köln","partypoker":"1. FC Köln"}
Inserted: {"sport":"Football","base":"Fortuna Dusseldorf","bet365":"Fortuna Dusseldorf","unibet":"Fortuna Düsseldorf","partypoker":"Fortuna Dusseldorf"}
Inserted: {"sport":"Football","base":"Freiburg","bet365":"SC Freiburg","unibet":"SC Freiburg","partypoker":"SC Freiburg"}
Inserted: {"sport":"Football","base":"Mainz 05","bet365":"Mainz","unibet":"Mainz 05","partypoker":"FSV Mainz 05"}
Inserted: {"sport":"Football","base":"RB Leipzig","bet365":"RB Leipzig","unibet":"RB Leipzig","partypoker":"RasenBallsport Leipzig"}
Inserted: {"sport":"Football","base":"SC Paderborn 07","bet365":"Paderborn","unibet":"SC Paderborn 07","partypoker":"SC Paderborn 07"}
Inserted: {"sport":"Football","base":"Schalke 04","bet365":"Schalke","unibet":"FC Schalke 04","partypoker":"FC Schalke 04"}
Inserted: {"sport":"Football","base":"Union Berlin","bet365":"Union Berlin","unibet":"1. FC Union Berlin","partypoker":"1. FC Union Berlin"}
Inserted: {"sport":"Football","base":"Wolfsburg","bet365":"Wolfsburg","unibet":"VfL Wolfsburg","partypoker":"VfL Wolfsburg"}
Inserted: {"sport":"Football","base":"Bochum","bet365":"Bochum","unibet":"VfL Bochum","partypoker":"VfL Bochum"}
Inserted: {"sport":"Football","base":"Erzgebirge Aue","bet365":"Erzgebirge Aue","unibet":"Erzgebirge Aue","partypoker":"FC Erzgebirge Aue"}
Inserted: {"sport":"Football","base":"FC Heidenheim","bet365":"Heidenheim","unibet":"1. FC Heidenheim","partypoker":"1. FC Heidenheim"}
Inserted: {"sport":"Football","base":"Hamburger SV","bet365":"Hamburg","unibet":"Hamburger SV","partypoker":"Hamburger SV"}
Inserted: {"sport":"Football","base":"Jahn Regensburg","bet365":"Jahn Regensburg","unibet":"Jahn Regensburg","partypoker":"SSV Jahn Regensburg"}
Inserted: {"sport":"Football","base":"Nurnberg","bet365":"Nurnberg","unibet":"1. FC Nürnberg","partypoker":"1. FC Nürnberg"}
Inserted: {"sport":"Football","base":"Osnabruck","bet365":"VfL Osnabruck","unibet":"VfL Osnabrück","partypoker":"VfL Osnabrück"}
Inserted: {"sport":"Football","base":"St Pauli","bet365":"St Pauli","unibet":"FC St. Pauli","partypoker":"FC St. Pauli"}
Inserted: {"sport":"Football","base":"Stuttgart","bet365":"VfB Stuttgart","unibet":"VfB Stuttgart","partypoker":"VfB Stuttgart"}
Inserted: {"sport":"Football","base":"SV Darmstadt 98","bet365":"Darmstadt","unibet":"Darmstadt 98","partypoker":"SV Darmstadt 98"}
Inserted: {"sport":"Football","base":"SV Sandhausen 1916","bet365":"Sandhausen","unibet":"SV Sandhausen","partypoker":"SV Sandhausen"}
Inserted: {"sport":"Football","base":"Wehen Wiesbaden","bet365":"Wehen SV","unibet":"SV Wehen Wiesbaden","partypoker":"SV Wehen Wiesbaden"}
Inserted: {"sport":"Football","base":"1860 Munich","bet365":"1860 Munich","unibet":"TSV 1860 München","partypoker":"TSV 1860 Munich"}
Inserted: {"sport":"Football","base":"Bayern Munich II","bet365":"Bayern Munchen II","unibet":"Bayern München II","partypoker":"FC Bayern München II"}
Inserted: {"sport":"Football","base":"Carl Zeiss Jena","bet365":"Carl Zeiss Jena","unibet":"Carl Zeiss Jena","partypoker":"FC Carl Zeiss Jena"}
Inserted: {"sport":"Football","base":"Chemnitzer","bet365":"Chemnitzer","unibet":"Chemnitzer FC","partypoker":"Chemnitzer FC"}
Inserted: {"sport":"Football","base":"Duisburg","bet365":"MSV Duisburg","unibet":"MSV Duisburg","partypoker":"MSV Duisburg"}
Inserted: {"sport":"Football","base":"FC Magdeburg","bet365":"Magdeburg","unibet":"1. FC Magdeburg","partypoker":"1. FC Magdeburg"}
Inserted: {"sport":"Football","base":"FSV Zwickau","bet365":"Zwickau","unibet":"FSV Zwickau","partypoker":"FSV Zwickau"}
Inserted: {"sport":"Football","base":"Hallescher","bet365":"Hallescher FC","unibet":"Hallescher FC","partypoker":"Hallescher FC"}
Inserted: {"sport":"Football","base":"Kaiserslautern","bet365":"Kaiserslautern","unibet":"1. FC Kaiserslautern","partypoker":"1. FC Kaiserslautern"}
Inserted: {"sport":"Football","base":"Preussen Munster","bet365":"SC Preussen Munster","unibet":"Preußen Münster","partypoker":"Preußen Münster"}
Inserted: {"sport":"Football","base":"SG Sonnenhof","bet365":"SG Sonnenhof Grossaspach","unibet":"SG Sonnenhof Großaspach","partypoker":"SG Sonnenhof Großaspach"}
Inserted: {"sport":"Football","base":"SpVgg Unterhaching","bet365":"Unterhaching","unibet":"SpVgg Unterhaching","partypoker":"SpVgg Unterhaching"}
Inserted: {"sport":"Football","base":"Uerdingen","bet365":"KFC Uerdingen 05","unibet":"KFC Uerdingen 05","partypoker":"KFC Uerdingen 05"}
Inserted: {"sport":"Football","base":"Viktoria Koln","bet365":"FC Viktoria Köln","unibet":"FC Viktoria Köln 1904","partypoker":"FC Viktoria Koln"}
Inserted: {"sport":"Football","base":"Waldhof Mannheim","bet365":"Waldhof Mannheim","unibet":"Waldhof Mannheim","partypoker":"SV Waldhof Mannheim"}
Inserted: {"sport":"Football","base":"Wurzburger Kickers","bet365":"Wurzburger Kickers","unibet":"FC Würzburger Kickers","partypoker":"Würzburger Kickers"}
Inserted: {"sport":"Football","base":"Barcelona","bet365":"Barcelona","unibet":"FC Barcelona","partypoker":"FC Barcelona"}